<?xml version="1.0" encoding="UTF-8"?>
<!-- Generated by org.testng.reporters.JUnitXMLReporter -->
<testsuite ignored="0" hostname="DESKTOP-HPR4ORJ" failures="1" tests="2" name="test" time="119.462" errors="0" timestamp="2023-11-29T18:39:14 IST">
  <testcase classname="InfraStructureServices_testCases.JIRA_SSOLogin" name="Login" time="29.594"/>
  <testcase classname="SmokeTesting_Automation.Application_And_Account_Services" name="AppAccServices" time="70.715">
    <failure type="org.openqa.selenium.NoSuchFrameException" message="No frame element found by name or id rw_iframe
Build info: version: &amp;apos;4.13.0&amp;apos;, revision: &amp;apos;ba948ece5b*&amp;apos;
System info: os.name: &amp;apos;Windows 10&amp;apos;, os.arch: &amp;apos;amd64&amp;apos;, os.version: &amp;apos;10.0&amp;apos;, java.version: &amp;apos;17.0.2&amp;apos;
Driver info: driver.version: unknown">
      <![CDATA[org.openqa.selenium.NoSuchFrameException: No frame element found by name or id rw_iframe
Build info: version: '4.13.0', revision: 'ba948ece5b*'
System info: os.name: 'Windows 10', os.arch: 'amd64', os.version: '10.0', java.version: '17.0.2'
Driver info: driver.version: unknown
at org.openqa.selenium.remote.RemoteWebDriver$RemoteTargetLocator.frame(RemoteWebDriver.java:1126)
at SmokeTesting_Automation.Application_And_Account_Services.AppAccServices(Application_And_Account_Services.java:19)
at java.base/java.util.ArrayList.forEach(ArrayList.java:1511)
... Removed 27 stack frames]]>
    </failure>
  </testcase> <!-- AppAccServices -->
</testsuite> <!-- test -->
